Copyright 1986-2019 Xilinx, Inc. All Rights Reserved.
----------------------------------------------------------------------------------------------------------------------------------------------------------------------
| Tool Version     : Vivado v.2019.1 (win64) Build 2552052 Fri May 24 14:49:42 MDT 2019
| Date             : Tue Sep  8 17:08:50 2020
| Host             : DESKTOP-3S607QA running 64-bit major release  (build 9200)
| Command          : report_power -file design_1_wrapper_power_routed.rpt -pb design_1_wrapper_power_summary_routed.pb -rpx design_1_wrapper_power_routed.rpx
| Design           : design_1_wrapper
| Device           : xc7z020clg400-1
| Design State     : routed
| Grade            : commercial
| Process          : typical
| Characterization : Production
----------------------------------------------------------------------------------------------------------------------------------------------------------------------

Power Report

Table of Contents
-----------------
1. Summary
1.1 On-Chip Components
1.2 Power Supply Summary
1.3 Confidence Level
2. Settings
2.1 Environment
2.2 Clock Constraints
3. Detailed Reports
3.1 By Hierarchy

1. Summary
----------

+--------------------------+--------------+
| Total On-Chip Power (W)  | 1.561        |
| Design Power Budget (W)  | Unspecified* |
| Power Budget Margin (W)  | NA           |
| Dynamic (W)              | 1.419        |
| Device Static (W)        | 0.143        |
| Effective TJA (C/W)      | 11.5         |
| Max Ambient (C)          | 67.0         |
| Junction Temperature (C) | 43.0         |
| Confidence Level         | Low          |
| Setting File             | ---          |
| Simulation Activity File | ---          |
| Design Nets Matched      | NA           |
+--------------------------+--------------+
* Specify Design Power Budget using, set_operating_conditions -design_power_budget <value in Watts>


1.1 On-Chip Components
----------------------

+--------------------------+-----------+----------+-----------+-----------------+
| On-Chip                  | Power (W) | Used     | Available | Utilization (%) |
+--------------------------+-----------+----------+-----------+-----------------+
| Clocks                   |     0.048 |        9 |       --- |             --- |
| Slice Logic              |     0.010 |    17408 |       --- |             --- |
|   LUT as Logic           |     0.007 |     5427 |     53200 |           10.20 |
|   Register               |     0.001 |     9434 |    106400 |            8.87 |
|   CARRY4                 |    <0.001 |      251 |     13300 |            1.89 |
|   BUFG                   |    <0.001 |        1 |        32 |            3.13 |
|   F7/F8 Muxes            |    <0.001 |      156 |     53200 |            0.29 |
|   LUT as Shift Register  |    <0.001 |      251 |     17400 |            1.44 |
|   LUT as Distributed RAM |    <0.001 |       22 |     17400 |            0.13 |
|   Others                 |     0.000 |      754 |       --- |             --- |
| Signals                  |     0.015 |    12820 |       --- |             --- |
| Block RAM                |     0.007 |       16 |       140 |           11.43 |
| MMCM                     |     0.107 |        1 |         4 |           25.00 |
| I/O                      |     0.150 |       34 |       125 |           27.20 |
| PS7                      |     1.082 |        1 |       --- |             --- |
| Static Power             |     0.143 |          |           |                 |
| Total                    |     1.561 |          |           |                 |
+--------------------------+-----------+----------+-----------+-----------------+


1.2 Power Supply Summary
------------------------

+-----------+-------------+-----------+-------------+------------+
| Source    | Voltage (V) | Total (A) | Dynamic (A) | Static (A) |
+-----------+-------------+-----------+-------------+------------+
| Vccint    |       1.000 |     0.097 |       0.082 |      0.015 |
| Vccaux    |       1.800 |     0.074 |       0.060 |      0.015 |
| Vcco33    |       3.300 |     0.046 |       0.045 |      0.001 |
| Vcco25    |       2.500 |     0.000 |       0.000 |      0.000 |
| Vcco18    |       1.800 |     0.000 |       0.000 |      0.000 |
| Vcco15    |       1.500 |     0.000 |       0.000 |      0.000 |
| Vcco135   |       1.350 |     0.000 |       0.000 |      0.000 |
| Vcco12    |       1.200 |     0.000 |       0.000 |      0.000 |
| Vccaux_io |       1.800 |     0.000 |       0.000 |      0.000 |
| Vccbram   |       1.000 |     0.002 |       0.001 |      0.002 |
| MGTAVcc   |       1.000 |     0.000 |       0.000 |      0.000 |
| MGTAVtt   |       1.200 |     0.000 |       0.000 |      0.000 |
| MGTVccaux |       1.800 |     0.000 |       0.000 |      0.000 |
| Vccpint   |       1.000 |     0.668 |       0.640 |      0.029 |
| Vccpaux   |       1.800 |     0.024 |       0.014 |      0.010 |
| Vccpll    |       1.800 |     0.017 |       0.014 |      0.003 |
| Vcco_ddr  |       1.500 |     0.257 |       0.255 |      0.002 |
| Vcco_mio0 |       3.300 |     0.003 |       0.002 |      0.001 |
| Vcco_mio1 |       1.800 |     0.003 |       0.002 |      0.001 |
| Vccadc    |       1.800 |     0.020 |       0.000 |      0.020 |
+-----------+-------------+-----------+-------------+------------+


1.3 Confidence Level
--------------------

+-----------------------------+------------+--------------------------------------------------------+------------------------------------------------------------------------------------------------------------+
| User Input Data             | Confidence | Details                                                | Action                                                                                                     |
+-----------------------------+------------+--------------------------------------------------------+------------------------------------------------------------------------------------------------------------+
| Design implementation state | High       | Design is routed                                       |                                                                                                            |
| Clock nodes activity        | High       | User specified more than 95% of clocks                 |                                                                                                            |
| I/O nodes activity          | Low        | More than 75% of inputs are missing user specification | Provide missing input activity with simulation results or by editing the "By Resource Type -> I/Os" view   |
| Internal nodes activity     | Medium     | User specified less than 25% of internal nodes         | Provide missing internal nodes activity with simulation results or by editing the "By Resource Type" views |
| Device models               | High       | Device models are Production                           |                                                                                                            |
|                             |            |                                                        |                                                                                                            |
| Overall confidence level    | Low        |                                                        |                                                                                                            |
+-----------------------------+------------+--------------------------------------------------------+------------------------------------------------------------------------------------------------------------+


2. Settings
-----------

2.1 Environment
---------------

+-----------------------+------------------------+
| Ambient Temp (C)      | 25.0                   |
| ThetaJA (C/W)         | 11.5                   |
| Airflow (LFM)         | 250                    |
| Heat Sink             | none                   |
| ThetaSA (C/W)         | 0.0                    |
| Board Selection       | medium (10"x10")       |
| # of Board Layers     | 8to11 (8 to 11 Layers) |
| Board Temperature (C) | 25.0                   |
+-----------------------+------------------------+


2.2 Clock Constraints
---------------------

+------------------------+-------------------------------------------------------------+-----------------+
| Clock                  | Domain                                                      | Constraint (ns) |
+------------------------+-------------------------------------------------------------+-----------------+
| I                      | design_1_i/axi_dynclk_0/U0/Inst_mmcme2_drp/I                |             2.0 |
| I                      | design_1_i/axi_dynclk_0/U0/PXL_CLK_5X_O                     |             2.0 |
| axi_dynclk_0_PXL_CLK_O | design_1_i/axi_dynclk_0/U0/PXL_CLK_O                        |            10.0 |
| clk_fpga_0             | design_1_i/processing_system7_0/inst/FCLK_CLK_unbuffered[0] |            10.0 |
| clk_fpga_1             | design_1_i/processing_system7_0/inst/FCLK_CLK_unbuffered[1] |             7.0 |
| clk_fpga_2             | design_1_i/processing_system7_0/inst/FCLK_CLK_unbuffered[2] |            42.0 |
| mmcm_fbclk_out         | design_1_i/axi_dynclk_0/U0/Inst_mmcme2_drp/mmcm_fbclk_out   |            10.0 |
+------------------------+-------------------------------------------------------------+-----------------+


3. Detailed Reports
-------------------

3.1 By Hierarchy
----------------

+--------------------------+-----------+
| Name                     | Power (W) |
+--------------------------+-----------+
| design_1_wrapper         |     1.419 |
|   cam_i2c_scl_iobuf      |     0.004 |
|   cam_i2c_sda_iobuf      |     0.004 |
|   design_1_i             |     1.400 |
|     axi_dynclk_0         |     0.110 |
|       U0                 |     0.110 |
|     axi_interconnect_0   |     0.004 |
|       m00_couplers       |     0.002 |
|       xbar               |     0.002 |
|     axi_interconnect_1   |     0.006 |
|       s00_couplers       |     0.005 |
|       xbar               |     0.001 |
|     axi_vdma_0           |     0.013 |
|       U0                 |     0.013 |
|     axi_vdma_1           |     0.019 |
|       U0                 |     0.019 |
|     ov5640_0             |     0.006 |
|       inst               |     0.006 |
|     processing_system7_0 |     1.083 |
|       inst               |     1.083 |
|     rgb2dvi_0            |     0.134 |
|       U0                 |     0.134 |
|     v_axi4s_vid_out_0    |     0.007 |
|       inst               |     0.007 |
|     v_tc_0               |     0.014 |
|       U0                 |     0.014 |
|   tmds_i2c_scl_iobuf     |     0.004 |
|   tmds_i2c_sda_iobuf     |     0.004 |
+--------------------------+-----------+


